[ERROR] Failed to execute goal [32morg.apache.maven.plugins:maven-compiler-plugin:3.13.0:compile[m [1m(default-compile)[m on project [36mseleniumautomation[m: [1;31mCompilation failure[m: Compilation failure: 
[ERROR] /D:/Users/priya.singh/Documents/GitHub/CARES---Selenium-Automation/src/main/java/api_tests/testng/booking/TestBookingNew.java:[8,8] duplicate class: api_tests.testng.booking.TestBookingNew
[ERROR] /D:/Users/priya.singh/Documents/GitHub/CARES---Selenium-Automation/src/main/java/api_tests/testng/common/APITestNGCommon.java:[62,56] cannot find symbol
[ERROR]   symbol:   method logAPIDetails(ReportUtilities.Model.TestCaseParam,java.lang.String,java.lang.String,ReportUtilities.Model.ExtentModel.PageDetails,java.time.LocalDateTime,java.lang.String,java.lang.String,java.lang.String,java.lang.String)
[ERROR]   location: variable testStepDetails of type ReportUtilities.Common.ReportCommon
[ERROR] /D:/Users/priya.singh/Documents/GitHub/CARES---Selenium-Automation/src/main/java/InitializeScripts/InitializeTestSettings.java:[157,63] cannot find symbol
[ERROR]   symbol:   variable APIConfigFile
[ERROR]   location: class Constants.PrjConstants
[ERROR] /D:/Users/priya.singh/Documents/GitHub/CARES---Selenium-Automation/src/main/java/InitializeScripts/InitializeTestSettings.java:[159,17] cannot find symbol
[ERROR]   symbol:   variable APITestSettings
[ERROR]   location: class InitializeScripts.InitializeTestSettings
[ERROR] /D:/Users/priya.singh/Documents/GitHub/CARES---Selenium-Automation/src/main/java/InitializeScripts/InitializeTestSettings.java:[159,55] cannot find symbol
[ERROR]   symbol:   class APIConfig
[ERROR]   location: class InitializeScripts.InitializeTestSettings
[ERROR] /D:/Users/priya.singh/Documents/GitHub/CARES---Selenium-Automation/src/main/java/InitializeScripts/InitializeTestSettings.java:[161,32] package APITestSettings does not exist
[ERROR] /D:/Users/priya.singh/Documents/GitHub/CARES---Selenium-Automation/src/main/java/InitializeScripts/InitializeTestSettings.java:[162,32] package APITestSettings does not exist
[ERROR] /D:/Users/priya.singh/Documents/GitHub/CARES---Selenium-Automation/src/main/java/InitializeScripts/InitializeTestSettings.java:[163,32] package APITestSettings does not exist
[ERROR] /D:/Users/priya.singh/Documents/GitHub/CARES---Selenium-Automation/src/main/java/InitializeScripts/InitializeTestSettings.java:[164,32] package APITestSettings does not exist
[ERROR] /D:/Users/priya.singh/Documents/GitHub/CARES---Selenium-Automation/src/main/java/InitializeScripts/InitializeTestSettings.java:[165,32] package APITestSettings does not exist
[ERROR] /D:/Users/priya.singh/Documents/GitHub/CARES---Selenium-Automation/src/main/java/InitializeScripts/InitializeTestSettings.java:[165,86] package APITestSettings does not exist
[ERROR] /D:/Users/priya.singh/Documents/GitHub/CARES---Selenium-Automation/src/main/java/InitializeScripts/InitializeTestSettings.java:[166,32] package APITestSettings does not exist
[ERROR] /D:/Users/priya.singh/Documents/GitHub/CARES---Selenium-Automation/src/main/java/InitializeScripts/InitializeTestSettings.java:[168,32] package APITestSettings does not exist
[ERROR] /D:/Users/priya.singh/Documents/GitHub/CARES---Selenium-Automation/src/main/java/InitializeScripts/InitializeTestSettings.java:[169,32] package APITestSettings does not exist
[ERROR] /D:/Users/priya.singh/Documents/GitHub/CARES---Selenium-Automation/src/main/java/InitializeScripts/InitializeTestSettings.java:[170,32] package APITestSettings does not exist
[ERROR] /D:/Users/priya.singh/Documents/GitHub/CARES---Selenium-Automation/src/main/java/InitializeScripts/InitializeTestSettings.java:[171,32] package APITestSettings does not exist
[ERROR] /D:/Users/priya.singh/Documents/GitHub/CARES---Selenium-Automation/src/main/java/InitializeScripts/InitializeTestSettings.java:[172,32] package APITestSettings does not exist
[ERROR] /D:/Users/priya.singh/Documents/GitHub/CARES---Selenium-Automation/src/main/java/InitializeScripts/InitializeTestSettings.java:[173,32] package APITestSettings does not exist
[ERROR] /D:/Users/priya.singh/Documents/GitHub/CARES---Selenium-Automation/src/main/java/InitializeScripts/InitializeTestSettings.java:[174,32] package APITestSettings does not exist
[ERROR] /D:/Users/priya.singh/Documents/GitHub/CARES---Selenium-Automation/src/main/java/InitializeScripts/InitializeTestSettings.java:[175,32] package APITestSettings does not exist
[ERROR] /D:/Users/priya.singh/Documents/GitHub/CARES---Selenium-Automation/src/main/java/InitializeScripts/InitializeTestSettings.java:[177,32] package APITestSettings does not exist
[ERROR] /D:/Users/priya.singh/Documents/GitHub/CARES---Selenium-Automation/src/main/java/InitializeScripts/InitializeTestSettings.java:[178,32] package APITestSettings does not exist
[ERROR] /D:/Users/priya.singh/Documents/GitHub/CARES---Selenium-Automation/src/main/java/InitializeScripts/InitializeTestSettings.java:[179,32] package APITestSettings does not exist
[ERROR] /D:/Users/priya.singh/Documents/GitHub/CARES---Selenium-Automation/src/main/java/InitializeScripts/InitializeTestSettings.java:[180,32] package APITestSettings does not exist
[ERROR] /D:/Users/priya.singh/Documents/GitHub/CARES---Selenium-Automation/src/main/java/InitializeScripts/InitializeTestSettings.java:[181,32] package APITestSettings does not exist
[ERROR] /D:/Users/priya.singh/Documents/GitHub/CARES---Selenium-Automation/src/main/java/InitializeScripts/InitializeTestSettings.java:[182,32] package APITestSettings does not exist
[ERROR] /D:/Users/priya.singh/Documents/GitHub/CARES---Selenium-Automation/src/main/java/InitializeScripts/InitializeTestSettings.java:[184,32] package APITestSettings does not exist
[ERROR] /D:/Users/priya.singh/Documents/GitHub/CARES---Selenium-Automation/src/main/java/InitializeScripts/InitializeTestSettings.java:[187,32] package APITestSettings does not exist
[ERROR] /D:/Users/priya.singh/Documents/GitHub/CARES---Selenium-Automation/src/main/java/InitializeScripts/InitializeTestSettings.java:[188,32] package APITestSettings does not exist
[ERROR] /D:/Users/priya.singh/Documents/GitHub/CARES---Selenium-Automation/src/main/java/InitializeScripts/InitializeTestSettings.java:[189,32] package APITestSettings does not exist
[ERROR] /D:/Users/priya.singh/Documents/GitHub/CARES---Selenium-Automation/src/main/java/InitializeScripts/InitializeTestSettings.java:[190,32] package APITestSettings does not exist
[ERROR] /D:/Users/priya.singh/Documents/GitHub/CARES---Selenium-Automation/src/main/java/InitializeScripts/InitializeTestSettings.java:[191,32] package APITestSettings does not exist
[ERROR] /D:/Users/priya.singh/Documents/GitHub/CARES---Selenium-Automation/src/main/java/InitializeScripts/InitializeTestSettings.java:[192,32] package APITestSettings does not exist
[ERROR] /D:/Users/priya.singh/Documents/GitHub/CARES---Selenium-Automation/src/main/java/InitializeScripts/InitializeTestSettings.java:[194,32] package APITestSettings does not exist
[ERROR] /D:/Users/priya.singh/Documents/GitHub/CARES---Selenium-Automation/src/main/java/InitializeScripts/InitializeTestSettings.java:[195,32] package APITestSettings does not exist
[ERROR] /D:/Users/priya.singh/Documents/GitHub/CARES---Selenium-Automation/src/main/java/InitializeScripts/InitializeTestSettings.java:[195,97] package APITestSettings does not exist
[ERROR] /D:/Users/priya.singh/Documents/GitHub/CARES---Selenium-Automation/src/main/java/InitializeScripts/InitializeTestSettings.java:[197,32] package APITestSettings does not exist
[ERROR] /D:/Users/priya.singh/Documents/GitHub/CARES---Selenium-Automation/src/main/java/InitializeScripts/InitializeTestSettings.java:[199,32] package APITestSettings does not exist
[ERROR] /D:/Users/priya.singh/Documents/GitHub/CARES---Selenium-Automation/src/main/java/InitializeScripts/InitializeTestSettings.java:[200,32] package APITestSettings does not exist
[ERROR] /D:/Users/priya.singh/Documents/GitHub/CARES---Selenium-Automation/src/main/java/InitializeScripts/InitializeTestSettings.java:[206,32] package APITestSettings does not exist
[ERROR] /D:/Users/priya.singh/Documents/GitHub/CARES---Selenium-Automation/src/main/java/InitializeScripts/InitializeTestSettings.java:[207,32] package APITestSettings does not exist
[ERROR] /D:/Users/priya.singh/Documents/GitHub/CARES---Selenium-Automation/src/main/java/InitializeScripts/InitializeTestSettings.java:[212,32] package APITestSettings does not exist
[ERROR] /D:/Users/priya.singh/Documents/GitHub/CARES---Selenium-Automation/src/main/java/InitializeScripts/InitializeTestSettings.java:[215,32] package APITestSettings does not exist
[ERROR] -> [1m[Help 1][m
[ERROR] 
[ERROR] To see the full stack trace of the errors, re-run Maven with the [1m-e[m switch.
[ERROR] Re-run Maven using the [1m-X[m switch to enable full debug logging.
[ERROR] 
[ERROR] For more information about the errors and possible solutions, please read the following articles:
[ERROR] [1m[Help 1][m http://cwiki.apache.org/confluence/display/MAVEN/MojoFailureException
